
> myserver@0.0.0 start /home/ubuntu/bangbang
> node ./bin/www

(node:1508) [DEP0095] DeprecationWarning: timers.enroll() is deprecated. Please use setTimeout instead.
(node:1508) [DEP0096] DeprecationWarning: timers.unenroll() is deprecated. Please use clearTimeout instead.
[0mGET / [36m304 [0m882.442 ms - -[0m
[0mGET /vendor/bootstrap/css/bootstrap.min.css [36m304 [0m3.077 ms - -[0m
[0mGET /css/grayscale.css [36m304 [0m0.706 ms - -[0m
[0mGET /vendor/jquery/jquery.min.js [36m304 [0m0.851 ms - -[0m
[0mGET /vendor/font-awesome/css/font-awesome.min.css [36m304 [0m1.522 ms - -[0m
[0mGET /vendor/bootstrap/js/bootstrap.bundle.min.js [36m304 [0m0.613 ms - -[0m
[0mGET /vendor/jquery-easing/jquery.easing.min.js [36m304 [0m0.626 ms - -[0m
[0mGET /js/grayscale.min.js [36m304 [0m1.570 ms - -[0m
[0mGET /firebase/firebase_use.js [36m304 [0m1.551 ms - -[0m
[0mGET /firebase/firebase.js [36m304 [0m1.534 ms - -[0m
[0mGET /img/intro-bg.jpg [36m304 [0m1.770 ms - -[0m
[0mGET /img/downloads-bg.jpg [36m304 [0m0.519 ms - -[0m
[0mGET /vendor/font-awesome/fonts/fontawesome-webfont.woff2?v=4.7.0 [36m304 [0m1.221 ms - -[0m
[0mGET / [36m304 [0m371.678 ms - -[0m
[0mGET /vendor/font-awesome/css/font-awesome.min.css [36m304 [0m0.495 ms - -[0m
[0mGET /vendor/bootstrap/css/bootstrap.min.css [36m304 [0m0.437 ms - -[0m
[0mGET /css/grayscale.css [36m304 [0m0.957 ms - -[0m
[0mGET /vendor/jquery/jquery.min.js [36m304 [0m0.908 ms - -[0m
[0mGET /vendor/bootstrap/js/bootstrap.bundle.min.js [36m304 [0m0.880 ms - -[0m
[0mGET /vendor/jquery-easing/jquery.easing.min.js [36m304 [0m0.880 ms - -[0m
[0mGET /firebase/firebase.js [36m304 [0m0.545 ms - -[0m
[0mGET /js/grayscale.min.js [36m304 [0m0.525 ms - -[0m
[0mGET /firebase/firebase_use.js [36m304 [0m0.217 ms - -[0m
[0mGET /vendor/font-awesome/fonts/fontawesome-webfont.woff2?v=4.7.0 [36m304 [0m0.732 ms - -[0m
[0mGET /img/downloads-bg.jpg [36m304 [0m0.691 ms - -[0m
[0mGET /img/intro-bg.jpg [36m304 [0m0.713 ms - -[0m

> myserver@0.0.0 start /home/ubuntu/bangbang
> nodemon ./bin/www

[33m[nodemon] 1.17.5[39m
[33m[nodemon] to restart at any time, enter `rs`[39m
[33m[nodemon] watching: *.*[39m
[32m[nodemon] starting `node ./bin/www`[39m

â”Œâ”€â”€â”€â”€â”€â”€â”€â”€â”€â”€â”€â”€â”€â”€â”€â”€â”€â”€â”€â”€â”€â”€â”€â”€â”€â”€â”€â”€â”€â”€â”€â”€â”€â”€â”€â”€â”€â”€â”€â”€â”€â”€â”€â”€â”€â”€â”€â”€â”€â”€â”€â”€â”€â”€â”€â”€â”€â”€â”
â”‚               nodemon update check failed                â”‚
â”‚           Try running with sudo or get access            â”‚
â”‚           to the local update config store via           â”‚
â”‚ sudo chown -R $USER:$(id -gn $USER) /home/ubuntu/.config â”‚
â””â”€â”€â”€â”€â”€â”€â”€â”€â”€â”€â”€â”€â”€â”€â”€â”€â”€â”€â”€â”€â”€â”€â”€â”€â”€â”€â”€â”€â”€â”€â”€â”€â”€â”€â”€â”€â”€â”€â”€â”€â”€â”€â”€â”€â”€â”€â”€â”€â”€â”€â”€â”€â”€â”€â”€â”€â”€â”€â”˜
events.js:167
      throw er; // Unhandled 'error' event
      ^

Error: EBADF: bad file descriptor, read
Emitted 'error' event at:
    at fs.read (fs.js:2146:12)
    at FSReqWrap.wrapper [as oncomplete] (fs.js:603:17)
npm ERR! code ELIFECYCLE
npm ERR! errno 1
npm ERR! myserver@0.0.0 start: `nodemon ./bin/www`
npm ERR! Exit status 1
npm ERR! 
npm ERR! Failed at the myserver@0.0.0 start script.
npm ERR! This is probably not a problem with npm. There is likely additional logging output above.

npm ERR! A complete log of this run can be found in:
npm ERR!     /home/ubuntu/.npm/_logs/2018-06-23T06_33_32_296Z-debug.log

> myserver@0.0.0 start /home/ubuntu/bangbang
> nodemon ./bin/www

[33m[nodemon] 1.17.5[39m
[33m[nodemon] to restart at any time, enter `rs`[39m
[33m[nodemon] watching: *.*[39m
[32m[nodemon] starting `node ./bin/www`[39m

â”Œâ”€â”€â”€â”€â”€â”€â”€â”€â”€â”€â”€â”€â”€â”€â”€â”€â”€â”€â”€â”€â”€â”€â”€â”€â”€â”€â”€â”€â”€â”€â”€â”€â”€â”€â”€â”€â”€â”€â”€â”€â”€â”€â”€â”€â”€â”€â”€â”€â”€â”€â”€â”€â”€â”€â”€â”€â”€â”€â”
â”‚               nodemon update check failed                â”‚
â”‚           Try running with sudo or get access            â”‚
â”‚           to the local update config store via           â”‚
â”‚ sudo chown -R $USER:$(id -gn $USER) /home/ubuntu/.config â”‚
â””â”€â”€â”€â”€â”€â”€â”€â”€â”€â”€â”€â”€â”€â”€â”€â”€â”€â”€â”€â”€â”€â”€â”€â”€â”€â”€â”€â”€â”€â”€â”€â”€â”€â”€â”€â”€â”€â”€â”€â”€â”€â”€â”€â”€â”€â”€â”€â”€â”€â”€â”€â”€â”€â”€â”€â”€â”€â”€â”˜
events.js:167
      throw er; // Unhandled 'error' event
      ^

Error: EBADF: bad file descriptor, read
Emitted 'error' event at:
    at fs.read (fs.js:2146:12)
    at FSReqWrap.wrapper [as oncomplete] (fs.js:603:17)
npm ERR! code ELIFECYCLE
npm ERR! errno 1
npm ERR! myserver@0.0.0 start: `nodemon ./bin/www`
npm ERR! Exit status 1
npm ERR! 
npm ERR! Failed at the myserver@0.0.0 start script.
npm ERR! This is probably not a problem with npm. There is likely additional logging output above.

npm ERR! A complete log of this run can be found in:
npm ERR!     /home/ubuntu/.npm/_logs/2018-06-23T06_34_03_046Z-debug.log

> myserver@0.0.0 start /home/ubuntu/bangbang
> nodemon ./bin/www

[33m[nodemon] 1.17.5[39m
[33m[nodemon] to restart at any time, enter `rs`[39m
[33m[nodemon] watching: *.*[39m
[32m[nodemon] starting `node ./bin/www`[39m
events.js:167
      throw er; // Unhandled 'error' event
      ^

Error: EBADF: bad file descriptor, read
Emitted 'error' event at:
    at fs.read (fs.js:2146:12)
    at FSReqWrap.wrapper [as oncomplete] (fs.js:603:17)
npm ERR! code ELIFECYCLE
npm ERR! errno 1
npm ERR! myserver@0.0.0 start: `nodemon ./bin/www`
npm ERR! Exit status 1
npm ERR! 
npm ERR! Failed at the myserver@0.0.0 start script.
npm ERR! This is probably not a problem with npm. There is likely additional logging output above.

npm ERR! A complete log of this run can be found in:
npm ERR!     /home/ubuntu/.npm/_logs/2018-06-23T06_34_29_522Z-debug.log

> myserver@0.0.0 start /home/ubuntu/bangbang
> nodemon ./bin/www

[33m[nodemon] 1.17.5[39m
[33m[nodemon] to restart at any time, enter `rs`[39m
[33m[nodemon] watching: *.*[39m
[32m[nodemon] starting `node ./bin/www`[39m

â”Œâ”€â”€â”€â”€â”€â”€â”€â”€â”€â”€â”€â”€â”€â”€â”€â”€â”€â”€â”€â”€â”€â”€â”€â”€â”€â”€â”€â”€â”€â”€â”€â”€â”€â”€â”€â”€â”€â”€â”€â”€â”€â”€â”€â”€â”€â”€â”€â”€â”€â”€â”€â”€â”€â”€â”€â”€â”€â”€â”
â”‚               nodemon update check failed                â”‚
â”‚           Try running with sudo or get access            â”‚
â”‚           to the local update config store via           â”‚
â”‚ sudo chown -R $USER:$(id -gn $USER) /home/ubuntu/.config â”‚
â””â”€â”€â”€â”€â”€â”€â”€â”€â”€â”€â”€â”€â”€â”€â”€â”€â”€â”€â”€â”€â”€â”€â”€â”€â”€â”€â”€â”€â”€â”€â”€â”€â”€â”€â”€â”€â”€â”€â”€â”€â”€â”€â”€â”€â”€â”€â”€â”€â”€â”€â”€â”€â”€â”€â”€â”€â”€â”€â”˜
events.js:167
      throw er; // Unhandled 'error' event
      ^

Error: EBADF: bad file descriptor, read
Emitted 'error' event at:
    at fs.read (fs.js:2146:12)
    at FSReqWrap.wrapper [as oncomplete] (fs.js:603:17)
npm ERR! code ELIFECYCLE
npm ERR! errno 1
npm ERR! myserver@0.0.0 start: `nodemon ./bin/www`
npm ERR! Exit status 1
npm ERR! 
npm ERR! Failed at the myserver@0.0.0 start script.
npm ERR! This is probably not a problem with npm. There is likely additional logging output above.

npm ERR! A complete log of this run can be found in:
npm ERR!     /home/ubuntu/.npm/_logs/2018-06-23T06_36_14_500Z-debug.log

> myserver@0.0.0 start /home/ubuntu/bangbang
> nodemon ./bin/www

[33m[nodemon] 1.17.5[39m
[33m[nodemon] to restart at any time, enter `rs`[39m
[33m[nodemon] watching: *.*[39m
[32m[nodemon] starting `node ./bin/www`[39m
events.js:167
      throw er; // Unhandled 'error' event
      ^

Error: EBADF: bad file descriptor, read
Emitted 'error' event at:
    at fs.read (fs.js:2146:12)
    at FSReqWrap.wrapper [as oncomplete] (fs.js:603:17)
npm ERR! code ELIFECYCLE
npm ERR! errno 1
npm ERR! myserver@0.0.0 start: `nodemon ./bin/www`
npm ERR! Exit status 1
npm ERR! 
npm ERR! Failed at the myserver@0.0.0 start script.
npm ERR! This is probably not a problem with npm. There is likely additional logging output above.

npm ERR! A complete log of this run can be found in:
npm ERR!     /home/ubuntu/.npm/_logs/2018-06-23T06_36_56_175Z-debug.log

> myserver@0.0.0 start /home/ubuntu/bangbang
> nodemon app.js

[33m[nodemon] 1.17.5[39m
[33m[nodemon] to restart at any time, enter `rs`[39m
[33m[nodemon] watching: *.*[39m
[32m[nodemon] starting `node app.js`[39m
events.js:167
      throw er; // Unhandled 'error' event
      ^

Error: EBADF: bad file descriptor, read
Emitted 'error' event at:
    at fs.read (fs.js:2146:12)
    at FSReqWrap.wrapper [as oncomplete] (fs.js:603:17)
npm ERR! code ELIFECYCLE
npm ERR! errno 1
npm ERR! myserver@0.0.0 start: `nodemon app.js`
npm ERR! Exit status 1
npm ERR! 
npm ERR! Failed at the myserver@0.0.0 start script.
npm ERR! This is probably not a problem with npm. There is likely additional logging output above.

npm ERR! A complete log of this run can be found in:
npm ERR!     /home/ubuntu/.npm/_logs/2018-06-23T06_37_55_464Z-debug.log

> myserver@0.0.0 start /home/ubuntu/bangbang
> nodemon app.js

[33m[nodemon] 1.17.5[39m
[33m[nodemon] to restart at any time, enter `rs`[39m
[33m[nodemon] watching: *.*[39m
[32m[nodemon] starting `node app.js`[39m

â”Œâ”€â”€â”€â”€â”€â”€â”€â”€â”€â”€â”€â”€â”€â”€â”€â”€â”€â”€â”€â”€â”€â”€â”€â”€â”€â”€â”€â”€â”€â”€â”€â”€â”€â”€â”€â”€â”€â”€â”€â”€â”€â”€â”€â”€â”€â”€â”€â”€â”€â”€â”€â”€â”€â”€â”€â”€â”€â”€â”
â”‚               nodemon update check failed                â”‚
â”‚           Try running with sudo or get access            â”‚
â”‚           to the local update config store via           â”‚
â”‚ sudo chown -R $USER:$(id -gn $USER) /home/ubuntu/.config â”‚
â””â”€â”€â”€â”€â”€â”€â”€â”€â”€â”€â”€â”€â”€â”€â”€â”€â”€â”€â”€â”€â”€â”€â”€â”€â”€â”€â”€â”€â”€â”€â”€â”€â”€â”€â”€â”€â”€â”€â”€â”€â”€â”€â”€â”€â”€â”€â”€â”€â”€â”€â”€â”€â”€â”€â”€â”€â”€â”€â”˜
events.js:167
      throw er; // Unhandled 'error' event
      ^

Error: EBADF: bad file descriptor, read
Emitted 'error' event at:
    at fs.read (fs.js:2146:12)
    at FSReqWrap.wrapper [as oncomplete] (fs.js:603:17)
npm ERR! code ELIFECYCLE
npm ERR! errno 1
npm ERR! myserver@0.0.0 start: `nodemon app.js`
npm ERR! Exit status 1
npm ERR! 
npm ERR! Failed at the myserver@0.0.0 start script.
npm ERR! This is probably not a problem with npm. There is likely additional logging output above.

npm ERR! A complete log of this run can be found in:
npm ERR!     /home/ubuntu/.npm/_logs/2018-06-23T06_38_07_599Z-debug.log

> myserver@0.0.0 start /home/ubuntu/bangbang
> nodemon ./bin/www

[33m[nodemon] 1.17.5[39m
[33m[nodemon] to restart at any time, enter `rs`[39m
[33m[nodemon] watching: *.*[39m
[32m[nodemon] starting `node ./bin/www`[39m

â”Œâ”€â”€â”€â”€â”€â”€â”€â”€â”€â”€â”€â”€â”€â”€â”€â”€â”€â”€â”€â”€â”€â”€â”€â”€â”€â”€â”€â”€â”€â”€â”€â”€â”€â”€â”€â”€â”€â”€â”€â”€â”€â”€â”€â”€â”€â”€â”€â”€â”€â”€â”€â”€â”€â”€â”€â”€â”€â”€â”
â”‚               nodemon update check failed                â”‚
â”‚           Try running with sudo or get access            â”‚
â”‚           to the local update config store via           â”‚
â”‚ sudo chown -R $USER:$(id -gn $USER) /home/ubuntu/.config â”‚
â””â”€â”€â”€â”€â”€â”€â”€â”€â”€â”€â”€â”€â”€â”€â”€â”€â”€â”€â”€â”€â”€â”€â”€â”€â”€â”€â”€â”€â”€â”€â”€â”€â”€â”€â”€â”€â”€â”€â”€â”€â”€â”€â”€â”€â”€â”€â”€â”€â”€â”€â”€â”€â”€â”€â”€â”€â”€â”€â”˜
events.js:167
      throw er; // Unhandled 'error' event
      ^

Error: EBADF: bad file descriptor, read
Emitted 'error' event at:
    at fs.read (fs.js:2146:12)
    at FSReqWrap.wrapper [as oncomplete] (fs.js:603:17)
npm ERR! code ELIFECYCLE
npm ERR! errno 1
npm ERR! myserver@0.0.0 start: `nodemon ./bin/www`
npm ERR! Exit status 1
npm ERR! 
npm ERR! Failed at the myserver@0.0.0 start script.
npm ERR! This is probably not a problem with npm. There is likely additional logging output above.

npm ERR! A complete log of this run can be found in:
npm ERR!     /home/ubuntu/.npm/_logs/2018-06-23T06_41_02_341Z-debug.log
internal/modules/cjs/loader.js:596
    throw err;
    ^

Error: Cannot find module '/home/ubuntu/bangbang/npm'
    at Function.Module._resolveFilename (internal/modules/cjs/loader.js:594:15)
    at Function.Module._load (internal/modules/cjs/loader.js:520:25)
    at Function.Module.runMain (internal/modules/cjs/loader.js:744:10)
    at startup (internal/bootstrap/node.js:238:19)
    at bootstrapNodeJSCore (internal/bootstrap/node.js:572:3)
internal/modules/cjs/loader.js:596
    throw err;
    ^

Error: Cannot find module '/home/ubuntu/bangbang/npm'
    at Function.Module._resolveFilename (internal/modules/cjs/loader.js:594:15)
    at Function.Module._load (internal/modules/cjs/loader.js:520:25)
    at Function.Module.runMain (internal/modules/cjs/loader.js:744:10)
    at startup (internal/bootstrap/node.js:238:19)
    at bootstrapNodeJSCore (internal/bootstrap/node.js:572:3)

> myserver@0.0.0 start /home/ubuntu/bangbang
> nodemon ./bin/www

[33m[nodemon] 1.17.5[39m
[33m[nodemon] to restart at any time, enter `rs`[39m
[33m[nodemon] watching: *.*[39m
[32m[nodemon] starting `node ./bin/www`[39m
events.js:167
      throw er; // Unhandled 'error' event
      ^

Error: EBADF: bad file descriptor, read
Emitted 'error' event at:
    at fs.read (fs.js:2146:12)
    at FSReqWrap.wrapper [as oncomplete] (fs.js:603:17)
npm ERR! code ELIFECYCLE
npm ERR! errno 1
npm ERR! myserver@0.0.0 start: `nodemon ./bin/www`
npm ERR! Exit status 1
npm ERR! 
npm ERR! Failed at the myserver@0.0.0 start script.
npm ERR! This is probably not a problem with npm. There is likely additional logging output above.

npm ERR! A complete log of this run can be found in:
npm ERR!     /home/ubuntu/.npm/_logs/2018-06-23T06_44_37_403Z-debug.log
